2025-02-05 04:08:49,917 [ForkPoolWorker-8] Connected (version 2.0, client OpenSSH_8.9p1)
2025-02-05 04:08:49,917 [ForkPoolWorker-6] Connected (version 2.0, client OpenSSH_8.9p1)
2025-02-05 04:08:49,919 [ForkPoolWorker-5] Connected (version 2.0, client OpenSSH_8.9p1)
2025-02-05 04:08:49,919 [ForkPoolWorker-1] Connected (version 2.0, client OpenSSH_8.9p1)
2025-02-05 04:08:49,919 [ForkPoolWorker-9] Connected (version 2.0, client OpenSSH_8.9p1)
2025-02-05 04:08:49,921 [ForkPoolWorker-7] Connected (version 2.0, client OpenSSH_8.9p1)
2025-02-05 04:08:49,921 [ForkPoolWorker-4] Connected (version 2.0, client OpenSSH_8.9p1)
2025-02-05 04:08:49,922 [ForkPoolWorker-3] Connected (version 2.0, client OpenSSH_8.9p1)
2025-02-05 04:08:49,923 [ForkPoolWorker-2] Connected (version 2.0, client OpenSSH_8.9p1)
2025-02-05 04:08:49,988 [ForkPoolWorker-7] Authentication (publickey) successful!
2025-02-05 04:08:49,989 [ForkPoolWorker-2] Authentication (publickey) successful!
2025-02-05 04:08:50,017 [ForkPoolWorker-6] Authentication (publickey) successful!
2025-02-05 04:08:50,020 [ForkPoolWorker-5] Authentication (publickey) successful!
2025-02-05 04:08:50,020 [ForkPoolWorker-8] Authentication (publickey) successful!
2025-02-05 04:08:50,021 [ForkPoolWorker-1] Authentication (publickey) successful!
2025-02-05 04:08:50,027 [ForkPoolWorker-4] Authentication (publickey) successful!
2025-02-05 04:08:50,029 [ForkPoolWorker-9] Authentication (publickey) successful!
2025-02-05 04:08:50,033 [ForkPoolWorker-3] Authentication (publickey) successful!
2025-02-05 04:08:50,495 [ForkPoolWorker-7] Bandwidth cleared and root qdisc set for k8s-worker-7
2025-02-05 04:08:50,495 [ForkPoolWorker-7] Setting bandwidth between k8s-worker-7 and k8s-worker-1: 247 Mbps
2025-02-05 04:08:50,504 [ForkPoolWorker-1] Bandwidth cleared and root qdisc set for k8s-worker-1
2025-02-05 04:08:50,504 [ForkPoolWorker-1] Setting bandwidth between k8s-worker-1 and k8s-worker-2: 415 Mbps
2025-02-05 04:08:50,522 [ForkPoolWorker-2] Bandwidth cleared and root qdisc set for k8s-worker-2
2025-02-05 04:08:50,522 [ForkPoolWorker-2] Setting bandwidth between k8s-worker-2 and k8s-worker-1: 393 Mbps
2025-02-05 04:08:50,522 [ForkPoolWorker-3] Bandwidth cleared and root qdisc set for k8s-worker-3
2025-02-05 04:08:50,522 [ForkPoolWorker-3] Setting bandwidth between k8s-worker-3 and k8s-worker-1: 637 Mbps
2025-02-05 04:08:50,542 [ForkPoolWorker-8] Bandwidth cleared and root qdisc set for k8s-worker-8
2025-02-05 04:08:50,542 [ForkPoolWorker-8] Setting bandwidth between k8s-worker-8 and k8s-worker-1: 752 Mbps
2025-02-05 04:08:50,546 [ForkPoolWorker-6] Bandwidth cleared and root qdisc set for k8s-worker-6
2025-02-05 04:08:50,546 [ForkPoolWorker-6] Setting bandwidth between k8s-worker-6 and k8s-worker-1: 325 Mbps
2025-02-05 04:08:50,568 [ForkPoolWorker-5] Bandwidth cleared and root qdisc set for k8s-worker-5
2025-02-05 04:08:50,568 [ForkPoolWorker-5] Setting bandwidth between k8s-worker-5 and k8s-worker-1: 614 Mbps
2025-02-05 04:08:50,608 [ForkPoolWorker-1] Bandwidth set between k8s-worker-1 and k8s-worker-2: 415 Mbps
2025-02-05 04:08:50,609 [ForkPoolWorker-1] Setting bandwidth between k8s-worker-1 and k8s-worker-3: 404 Mbps
2025-02-05 04:08:50,614 [ForkPoolWorker-7] Bandwidth set between k8s-worker-7 and k8s-worker-1: 247 Mbps
2025-02-05 04:08:50,614 [ForkPoolWorker-7] Setting bandwidth between k8s-worker-7 and k8s-worker-2: 407 Mbps
2025-02-05 04:08:50,631 [ForkPoolWorker-9] Bandwidth cleared and root qdisc set for k8s-worker-9
2025-02-05 04:08:50,631 [ForkPoolWorker-9] Setting bandwidth between k8s-worker-9 and k8s-worker-1: 241 Mbps
2025-02-05 04:08:50,632 [ForkPoolWorker-3] Bandwidth set between k8s-worker-3 and k8s-worker-1: 637 Mbps
2025-02-05 04:08:50,632 [ForkPoolWorker-3] Setting bandwidth between k8s-worker-3 and k8s-worker-2: 496 Mbps
2025-02-05 04:08:50,635 [ForkPoolWorker-2] Bandwidth set between k8s-worker-2 and k8s-worker-1: 393 Mbps
2025-02-05 04:08:50,636 [ForkPoolWorker-2] Setting bandwidth between k8s-worker-2 and k8s-worker-3: 614 Mbps
2025-02-05 04:08:50,650 [ForkPoolWorker-8] Bandwidth set between k8s-worker-8 and k8s-worker-1: 752 Mbps
2025-02-05 04:08:50,650 [ForkPoolWorker-8] Setting bandwidth between k8s-worker-8 and k8s-worker-2: 237 Mbps
2025-02-05 04:08:50,653 [ForkPoolWorker-6] Bandwidth set between k8s-worker-6 and k8s-worker-1: 325 Mbps
2025-02-05 04:08:50,653 [ForkPoolWorker-6] Setting bandwidth between k8s-worker-6 and k8s-worker-2: 630 Mbps
2025-02-05 04:08:50,672 [ForkPoolWorker-5] Bandwidth set between k8s-worker-5 and k8s-worker-1: 614 Mbps
2025-02-05 04:08:50,672 [ForkPoolWorker-5] Setting bandwidth between k8s-worker-5 and k8s-worker-2: 345 Mbps
2025-02-05 04:08:50,706 [ForkPoolWorker-4] Bandwidth cleared and root qdisc set for k8s-worker-4
2025-02-05 04:08:50,706 [ForkPoolWorker-4] Setting bandwidth between k8s-worker-4 and k8s-worker-1: 261 Mbps
2025-02-05 04:08:50,715 [ForkPoolWorker-1] Bandwidth set between k8s-worker-1 and k8s-worker-3: 404 Mbps
2025-02-05 04:08:50,715 [ForkPoolWorker-1] Setting bandwidth between k8s-worker-1 and k8s-worker-4: 211 Mbps
2025-02-05 04:08:50,724 [ForkPoolWorker-7] Bandwidth set between k8s-worker-7 and k8s-worker-2: 407 Mbps
2025-02-05 04:08:50,724 [ForkPoolWorker-7] Setting bandwidth between k8s-worker-7 and k8s-worker-3: 494 Mbps
2025-02-05 04:08:50,739 [ForkPoolWorker-9] Bandwidth set between k8s-worker-9 and k8s-worker-1: 241 Mbps
2025-02-05 04:08:50,739 [ForkPoolWorker-3] Bandwidth set between k8s-worker-3 and k8s-worker-2: 496 Mbps
2025-02-05 04:08:50,739 [ForkPoolWorker-3] Setting bandwidth between k8s-worker-3 and k8s-worker-4: 256 Mbps
2025-02-05 04:08:50,739 [ForkPoolWorker-9] Setting bandwidth between k8s-worker-9 and k8s-worker-2: 736 Mbps
2025-02-05 04:08:50,747 [ForkPoolWorker-2] Bandwidth set between k8s-worker-2 and k8s-worker-3: 614 Mbps
2025-02-05 04:08:50,747 [ForkPoolWorker-2] Setting bandwidth between k8s-worker-2 and k8s-worker-4: 283 Mbps
2025-02-05 04:08:50,757 [ForkPoolWorker-6] Bandwidth set between k8s-worker-6 and k8s-worker-2: 630 Mbps
2025-02-05 04:08:50,758 [ForkPoolWorker-6] Setting bandwidth between k8s-worker-6 and k8s-worker-3: 779 Mbps
2025-02-05 04:08:50,758 [ForkPoolWorker-8] Bandwidth set between k8s-worker-8 and k8s-worker-2: 237 Mbps
2025-02-05 04:08:50,758 [ForkPoolWorker-8] Setting bandwidth between k8s-worker-8 and k8s-worker-3: 501 Mbps
2025-02-05 04:08:50,776 [ForkPoolWorker-5] Bandwidth set between k8s-worker-5 and k8s-worker-2: 345 Mbps
2025-02-05 04:08:50,776 [ForkPoolWorker-5] Setting bandwidth between k8s-worker-5 and k8s-worker-3: 568 Mbps
2025-02-05 04:08:50,818 [ForkPoolWorker-4] Bandwidth set between k8s-worker-4 and k8s-worker-1: 261 Mbps
2025-02-05 04:08:50,818 [ForkPoolWorker-4] Setting bandwidth between k8s-worker-4 and k8s-worker-2: 555 Mbps
2025-02-05 04:08:50,824 [ForkPoolWorker-1] Bandwidth set between k8s-worker-1 and k8s-worker-4: 211 Mbps
2025-02-05 04:08:50,824 [ForkPoolWorker-1] Setting bandwidth between k8s-worker-1 and k8s-worker-5: 644 Mbps
2025-02-05 04:08:50,828 [ForkPoolWorker-7] Bandwidth set between k8s-worker-7 and k8s-worker-3: 494 Mbps
2025-02-05 04:08:50,828 [ForkPoolWorker-7] Setting bandwidth between k8s-worker-7 and k8s-worker-4: 557 Mbps
2025-02-05 04:08:50,842 [ForkPoolWorker-3] Bandwidth set between k8s-worker-3 and k8s-worker-4: 256 Mbps
2025-02-05 04:08:50,842 [ForkPoolWorker-3] Setting bandwidth between k8s-worker-3 and k8s-worker-5: 378 Mbps
2025-02-05 04:08:50,848 [ForkPoolWorker-9] Bandwidth set between k8s-worker-9 and k8s-worker-2: 736 Mbps
2025-02-05 04:08:50,849 [ForkPoolWorker-9] Setting bandwidth between k8s-worker-9 and k8s-worker-3: 760 Mbps
2025-02-05 04:08:50,858 [ForkPoolWorker-2] Bandwidth set between k8s-worker-2 and k8s-worker-4: 283 Mbps
2025-02-05 04:08:50,858 [ForkPoolWorker-2] Setting bandwidth between k8s-worker-2 and k8s-worker-5: 330 Mbps
2025-02-05 04:08:50,861 [ForkPoolWorker-6] Bandwidth set between k8s-worker-6 and k8s-worker-3: 779 Mbps
2025-02-05 04:08:50,861 [ForkPoolWorker-6] Setting bandwidth between k8s-worker-6 and k8s-worker-4: 456 Mbps
2025-02-05 04:08:50,866 [ForkPoolWorker-8] Bandwidth set between k8s-worker-8 and k8s-worker-3: 501 Mbps
2025-02-05 04:08:50,866 [ForkPoolWorker-8] Setting bandwidth between k8s-worker-8 and k8s-worker-4: 369 Mbps
2025-02-05 04:08:50,880 [ForkPoolWorker-5] Bandwidth set between k8s-worker-5 and k8s-worker-3: 568 Mbps
2025-02-05 04:08:50,880 [ForkPoolWorker-5] Setting bandwidth between k8s-worker-5 and k8s-worker-4: 651 Mbps
2025-02-05 04:08:50,927 [ForkPoolWorker-4] Bandwidth set between k8s-worker-4 and k8s-worker-2: 555 Mbps
2025-02-05 04:08:50,927 [ForkPoolWorker-4] Setting bandwidth between k8s-worker-4 and k8s-worker-3: 242 Mbps
2025-02-05 04:08:50,931 [ForkPoolWorker-1] Bandwidth set between k8s-worker-1 and k8s-worker-5: 644 Mbps
2025-02-05 04:08:50,931 [ForkPoolWorker-1] Setting bandwidth between k8s-worker-1 and k8s-worker-6: 468 Mbps
2025-02-05 04:08:50,935 [ForkPoolWorker-7] Bandwidth set between k8s-worker-7 and k8s-worker-4: 557 Mbps
2025-02-05 04:08:50,935 [ForkPoolWorker-7] Setting bandwidth between k8s-worker-7 and k8s-worker-5: 576 Mbps
2025-02-05 04:08:50,946 [ForkPoolWorker-3] Bandwidth set between k8s-worker-3 and k8s-worker-5: 378 Mbps
2025-02-05 04:08:50,946 [ForkPoolWorker-3] Setting bandwidth between k8s-worker-3 and k8s-worker-6: 518 Mbps
2025-02-05 04:08:50,956 [ForkPoolWorker-9] Bandwidth set between k8s-worker-9 and k8s-worker-3: 760 Mbps
2025-02-05 04:08:50,956 [ForkPoolWorker-9] Setting bandwidth between k8s-worker-9 and k8s-worker-4: 636 Mbps
2025-02-05 04:08:50,970 [ForkPoolWorker-8] Bandwidth set between k8s-worker-8 and k8s-worker-4: 369 Mbps
2025-02-05 04:08:50,970 [ForkPoolWorker-8] Setting bandwidth between k8s-worker-8 and k8s-worker-5: 211 Mbps
2025-02-05 04:08:50,970 [ForkPoolWorker-2] Bandwidth set between k8s-worker-2 and k8s-worker-5: 330 Mbps
2025-02-05 04:08:50,970 [ForkPoolWorker-2] Setting bandwidth between k8s-worker-2 and k8s-worker-6: 437 Mbps
2025-02-05 04:08:50,973 [ForkPoolWorker-6] Bandwidth set between k8s-worker-6 and k8s-worker-4: 456 Mbps
2025-02-05 04:08:50,974 [ForkPoolWorker-6] Setting bandwidth between k8s-worker-6 and k8s-worker-5: 361 Mbps
2025-02-05 04:08:50,988 [ForkPoolWorker-5] Bandwidth set between k8s-worker-5 and k8s-worker-4: 651 Mbps
2025-02-05 04:08:50,988 [ForkPoolWorker-5] Setting bandwidth between k8s-worker-5 and k8s-worker-6: 596 Mbps
2025-02-05 04:08:51,039 [ForkPoolWorker-1] Bandwidth set between k8s-worker-1 and k8s-worker-6: 468 Mbps
2025-02-05 04:08:51,039 [ForkPoolWorker-1] Setting bandwidth between k8s-worker-1 and k8s-worker-7: 747 Mbps
2025-02-05 04:08:51,041 [ForkPoolWorker-7] Bandwidth set between k8s-worker-7 and k8s-worker-5: 576 Mbps
2025-02-05 04:08:51,041 [ForkPoolWorker-7] Setting bandwidth between k8s-worker-7 and k8s-worker-6: 654 Mbps
2025-02-05 04:08:51,047 [ForkPoolWorker-4] Bandwidth set between k8s-worker-4 and k8s-worker-3: 242 Mbps
2025-02-05 04:08:51,048 [ForkPoolWorker-4] Setting bandwidth between k8s-worker-4 and k8s-worker-5: 599 Mbps
2025-02-05 04:08:51,050 [ForkPoolWorker-3] Bandwidth set between k8s-worker-3 and k8s-worker-6: 518 Mbps
2025-02-05 04:08:51,050 [ForkPoolWorker-3] Setting bandwidth between k8s-worker-3 and k8s-worker-7: 440 Mbps
2025-02-05 04:08:51,071 [ForkPoolWorker-9] Bandwidth set between k8s-worker-9 and k8s-worker-4: 636 Mbps
2025-02-05 04:08:51,071 [ForkPoolWorker-9] Setting bandwidth between k8s-worker-9 and k8s-worker-5: 476 Mbps
2025-02-05 04:08:51,074 [ForkPoolWorker-2] Bandwidth set between k8s-worker-2 and k8s-worker-6: 437 Mbps
2025-02-05 04:08:51,074 [ForkPoolWorker-2] Setting bandwidth between k8s-worker-2 and k8s-worker-7: 516 Mbps
2025-02-05 04:08:51,078 [ForkPoolWorker-6] Bandwidth set between k8s-worker-6 and k8s-worker-5: 361 Mbps
2025-02-05 04:08:51,078 [ForkPoolWorker-6] Setting bandwidth between k8s-worker-6 and k8s-worker-7: 531 Mbps
2025-02-05 04:08:51,082 [ForkPoolWorker-8] Bandwidth set between k8s-worker-8 and k8s-worker-5: 211 Mbps
2025-02-05 04:08:51,082 [ForkPoolWorker-8] Setting bandwidth between k8s-worker-8 and k8s-worker-6: 475 Mbps
2025-02-05 04:08:51,092 [ForkPoolWorker-5] Bandwidth set between k8s-worker-5 and k8s-worker-6: 596 Mbps
2025-02-05 04:08:51,092 [ForkPoolWorker-5] Setting bandwidth between k8s-worker-5 and k8s-worker-7: 462 Mbps
2025-02-05 04:08:51,144 [ForkPoolWorker-7] Bandwidth set between k8s-worker-7 and k8s-worker-6: 654 Mbps
2025-02-05 04:08:51,144 [ForkPoolWorker-7] Setting bandwidth between k8s-worker-7 and k8s-worker-8: 447 Mbps
2025-02-05 04:08:51,144 [ForkPoolWorker-1] Bandwidth set between k8s-worker-1 and k8s-worker-7: 747 Mbps
2025-02-05 04:08:51,144 [ForkPoolWorker-1] Setting bandwidth between k8s-worker-1 and k8s-worker-8: 295 Mbps
2025-02-05 04:08:51,158 [ForkPoolWorker-3] Bandwidth set between k8s-worker-3 and k8s-worker-7: 440 Mbps
2025-02-05 04:08:51,158 [ForkPoolWorker-3] Setting bandwidth between k8s-worker-3 and k8s-worker-8: 341 Mbps
2025-02-05 04:08:51,168 [ForkPoolWorker-4] Bandwidth set between k8s-worker-4 and k8s-worker-5: 599 Mbps
2025-02-05 04:08:51,168 [ForkPoolWorker-4] Setting bandwidth between k8s-worker-4 and k8s-worker-6: 418 Mbps
2025-02-05 04:08:51,183 [ForkPoolWorker-2] Bandwidth set between k8s-worker-2 and k8s-worker-7: 516 Mbps
2025-02-05 04:08:51,183 [ForkPoolWorker-2] Setting bandwidth between k8s-worker-2 and k8s-worker-8: 318 Mbps
2025-02-05 04:08:51,184 [ForkPoolWorker-9] Bandwidth set between k8s-worker-9 and k8s-worker-5: 476 Mbps
2025-02-05 04:08:51,184 [ForkPoolWorker-9] Setting bandwidth between k8s-worker-9 and k8s-worker-6: 244 Mbps
2025-02-05 04:08:51,185 [ForkPoolWorker-8] Bandwidth set between k8s-worker-8 and k8s-worker-6: 475 Mbps
2025-02-05 04:08:51,186 [ForkPoolWorker-8] Setting bandwidth between k8s-worker-8 and k8s-worker-7: 665 Mbps
2025-02-05 04:08:51,186 [ForkPoolWorker-6] Bandwidth set between k8s-worker-6 and k8s-worker-7: 531 Mbps
2025-02-05 04:08:51,186 [ForkPoolWorker-6] Setting bandwidth between k8s-worker-6 and k8s-worker-8: 619 Mbps
2025-02-05 04:08:51,200 [ForkPoolWorker-5] Bandwidth set between k8s-worker-5 and k8s-worker-7: 462 Mbps
2025-02-05 04:08:51,200 [ForkPoolWorker-5] Setting bandwidth between k8s-worker-5 and k8s-worker-8: 730 Mbps
2025-02-05 04:08:51,248 [ForkPoolWorker-7] Bandwidth set between k8s-worker-7 and k8s-worker-8: 447 Mbps
2025-02-05 04:08:51,248 [ForkPoolWorker-7] Setting bandwidth between k8s-worker-7 and k8s-worker-9: 718 Mbps
2025-02-05 04:08:51,249 [ForkPoolWorker-1] Bandwidth set between k8s-worker-1 and k8s-worker-8: 295 Mbps
2025-02-05 04:08:51,249 [ForkPoolWorker-1] Setting bandwidth between k8s-worker-1 and k8s-worker-9: 762 Mbps
2025-02-05 04:08:51,266 [ForkPoolWorker-3] Bandwidth set between k8s-worker-3 and k8s-worker-8: 341 Mbps
2025-02-05 04:08:51,266 [ForkPoolWorker-3] Setting bandwidth between k8s-worker-3 and k8s-worker-9: 270 Mbps
2025-02-05 04:08:51,278 [ForkPoolWorker-4] Bandwidth set between k8s-worker-4 and k8s-worker-6: 418 Mbps
2025-02-05 04:08:51,278 [ForkPoolWorker-4] Setting bandwidth between k8s-worker-4 and k8s-worker-7: 541 Mbps
2025-02-05 04:08:51,292 [ForkPoolWorker-2] Bandwidth set between k8s-worker-2 and k8s-worker-8: 318 Mbps
2025-02-05 04:08:51,293 [ForkPoolWorker-2] Setting bandwidth between k8s-worker-2 and k8s-worker-9: 745 Mbps
2025-02-05 04:08:51,294 [ForkPoolWorker-8] Bandwidth set between k8s-worker-8 and k8s-worker-7: 665 Mbps
2025-02-05 04:08:51,294 [ForkPoolWorker-8] Setting bandwidth between k8s-worker-8 and k8s-worker-9: 435 Mbps
2025-02-05 04:08:51,298 [ForkPoolWorker-6] Bandwidth set between k8s-worker-6 and k8s-worker-8: 619 Mbps
2025-02-05 04:08:51,298 [ForkPoolWorker-6] Setting bandwidth between k8s-worker-6 and k8s-worker-9: 481 Mbps
2025-02-05 04:08:51,299 [ForkPoolWorker-9] Bandwidth set between k8s-worker-9 and k8s-worker-6: 244 Mbps
2025-02-05 04:08:51,300 [ForkPoolWorker-9] Setting bandwidth between k8s-worker-9 and k8s-worker-7: 357 Mbps
2025-02-05 04:08:51,308 [ForkPoolWorker-5] Bandwidth set between k8s-worker-5 and k8s-worker-8: 730 Mbps
2025-02-05 04:08:51,308 [ForkPoolWorker-5] Setting bandwidth between k8s-worker-5 and k8s-worker-9: 248 Mbps
2025-02-05 04:08:51,352 [ForkPoolWorker-7] Bandwidth set between k8s-worker-7 and k8s-worker-9: 718 Mbps
2025-02-05 04:08:51,356 [ForkPoolWorker-1] Bandwidth set between k8s-worker-1 and k8s-worker-9: 762 Mbps
2025-02-05 04:08:51,383 [ForkPoolWorker-3] Bandwidth set between k8s-worker-3 and k8s-worker-9: 270 Mbps
2025-02-05 04:08:51,386 [ForkPoolWorker-4] Bandwidth set between k8s-worker-4 and k8s-worker-7: 541 Mbps
2025-02-05 04:08:51,386 [ForkPoolWorker-4] Setting bandwidth between k8s-worker-4 and k8s-worker-8: 697 Mbps
2025-02-05 04:08:51,400 [ForkPoolWorker-2] Bandwidth set between k8s-worker-2 and k8s-worker-9: 745 Mbps
2025-02-05 04:08:51,406 [ForkPoolWorker-6] Bandwidth set between k8s-worker-6 and k8s-worker-9: 481 Mbps
2025-02-05 04:08:51,412 [ForkPoolWorker-5] Bandwidth set between k8s-worker-5 and k8s-worker-9: 248 Mbps
2025-02-05 04:08:51,414 [ForkPoolWorker-9] Bandwidth set between k8s-worker-9 and k8s-worker-7: 357 Mbps
2025-02-05 04:08:51,414 [ForkPoolWorker-9] Setting bandwidth between k8s-worker-9 and k8s-worker-8: 373 Mbps
2025-02-05 04:08:51,421 [ForkPoolWorker-8] Bandwidth set between k8s-worker-8 and k8s-worker-9: 435 Mbps
2025-02-05 04:08:51,494 [ForkPoolWorker-4] Bandwidth set between k8s-worker-4 and k8s-worker-8: 697 Mbps
2025-02-05 04:08:51,494 [ForkPoolWorker-4] Setting bandwidth between k8s-worker-4 and k8s-worker-9: 214 Mbps
2025-02-05 04:08:51,530 [ForkPoolWorker-9] Bandwidth set between k8s-worker-9 and k8s-worker-8: 373 Mbps
2025-02-05 04:08:51,609 [ForkPoolWorker-4] Bandwidth set between k8s-worker-4 and k8s-worker-9: 214 Mbps
